<?xml version="1.0" encoding="UTF-8"?>
<!-- Generated by org.testng.reporters.JUnitReportReporter -->
<testsuite skipped="0" hostname="LAPTOP-7HUNRUID" name="com.virgingames.testsuite.LoginTest" tests="4" failures="0" timestamp="02 Jun 2020 16:48:42 GMT" time="346.483" errors="0">
  <testcase name="userShouldNotLoginWithInValidCredentials" time="80.139" classname="com.virgingames.testsuite.LoginTest"/>
  <testcase name="userShouldNotLoginWithNullUsernameAndPassword" time="75.114" classname="com.virgingames.testsuite.LoginTest"/>
  <testcase name="userShouldNotLoginWithNullUsername" time="80.937" classname="com.virgingames.testsuite.LoginTest"/>
  <testcase name="userShouldNavigateToLoginPage" time="110.293" classname="com.virgingames.testsuite.LoginTest"/>
</testsuite> <!-- com.virgingames.testsuite.LoginTest -->
